[debug] [2022-12-26T13:23:32.602Z] ----------------------------------------------------------------------
[debug] [2022-12-26T13:23:32.603Z] Command:       C:\Program Files\nodejs\node.exe C:\Users\sgaetjens\AppData\Roaming\npm\node_modules\firebase-tools\lib\bin\firebase.js init database
[debug] [2022-12-26T13:23:32.604Z] CLI Version:   11.19.0
[debug] [2022-12-26T13:23:32.604Z] Platform:      win32
[debug] [2022-12-26T13:23:32.604Z] Node Version:  v18.12.1
[debug] [2022-12-26T13:23:32.605Z] Time:          Mon Dec 26 2022 08:23:32 GMT-0500 (Eastern Standard Time)
[debug] [2022-12-26T13:23:32.605Z] ----------------------------------------------------------------------
[debug] 
[debug] [2022-12-26T13:23:32.662Z] Field ".emulators.firestore.port" in "firebase.json" is possibly invalid: should be number
[debug] [2022-12-26T13:23:32.667Z] > command requires scopes: ["email","openid","https://www.googleapis.com/auth/cloudplatformprojects.readonly","https://www.googleapis.com/auth/firebase","https://www.googleapis.com/auth/cloud-platform"]
[debug] [2022-12-26T13:23:32.667Z] > authorizing via signed-in user (steve.gaetjens@gmail.com)
[debug] [2022-12-26T13:23:32.668Z] Field ".emulators.firestore.port" in "firebase.json" is possibly invalid: should be number
[info] 
     ######## #### ########  ######## ########     ###     ######  ########
     ##        ##  ##     ## ##       ##     ##  ##   ##  ##       ##
     ######    ##  ########  ######   ########  #########  ######  ######
     ##        ##  ##    ##  ##       ##     ## ##     ##       ## ##
     ##       #### ##     ## ######## ########  ##     ##  ######  ########

You're about to initialize a Firebase project in this directory:

  D:\Sandbox\KitchenOnTheCorner

Before we get started, keep in mind:

  * You are initializing within an existing Firebase project directory

